<?xml version="1.0" encoding="UTF-8"?>
<!-- Generated by org.testng.reporters.JUnitReportReporter -->
<testsuite hostname="DESKTOP-DC5B0LR" name="Academy.Homepage" tests="2" failures="0" timestamp="31 May 2020 13:22:23 GMT" time="28.832" errors="0">
  <testcase name="basePageNavigation2" time="15.170" classname="Academy.Homepage"/>
  <testcase name="basePageNavigation2" time="13.662" classname="Academy.Homepage"/>
</testsuite> <!-- Academy.Homepage -->
