<?xml version="1.0" encoding="UTF-8"?>
<!-- Generated by org.testng.reporters.JUnitReportReporter -->
<testsuite hostname="DESKTOP-DC5B0LR" name="Academy.Homepageclone" tests="2" failures="0" timestamp="31 May 2020 13:22:23 GMT" time="39.586" errors="0">
  <testcase name="basePageNavigation1" time="21.763" classname="Academy.Homepageclone"/>
  <testcase name="basePageNavigation1" time="17.823" classname="Academy.Homepageclone"/>
</testsuite> <!-- Academy.Homepageclone -->
