<?xml version="1.0" encoding="UTF-8"?>
<!-- Generated by org.testng.reporters.JUnitReportReporter -->
<testsuite hostname="DESKTOP-DC5B0LR" name="Academy.ValidationTitle" tests="1" failures="0" timestamp="31 May 2020 13:22:23 GMT" time="23.696" errors="0">
  <testcase name="basePageNavigation" time="23.696" classname="Academy.ValidationTitle"/>
</testsuite> <!-- Academy.ValidationTitle -->
